
============================================================
FTM HEALTH CHECK - 26/01/2026, 10:14:52
============================================================

[LOGIN]...
[LOGIN] OK

[Coach Dashboard V2]...
[Coach Dashboard V2] OK (3/3)

[Coach Dashboard]...
[Coach Dashboard] OK (2/2)

[FTM Scheduler]...
[FTM Scheduler] OK (1/1)

[Setup Universale]...
[Setup Universale] WARN (0/1)

Report salvato: ./reports/report_2026-01-26T09-14-52.json

============================================================
RIEPILOGO
============================================================
OK:    3
WARN:  1
ERROR: 0

⚠️  ATTENZIONE: Verificare i problemi rilevati!

============================================================
FTM HEALTH CHECK - 27/01/2026, 09:00:02
============================================================

[LOGIN]...
[LOGIN] OK

[Coach Dashboard V2]...
[Coach Dashboard V2] OK (3/3)

[Coach Dashboard]...
[Coach Dashboard] OK (2/2)

[FTM Scheduler]...
[FTM Scheduler] OK (1/1)

[Setup Universale]...
[Setup Universale] WARN (0/1)

Report salvato: ./reports/report_2026-01-27T08-00-02.json

============================================================
RIEPILOGO
============================================================
OK:    3
WARN:  1
ERROR: 0

⚠️  ATTENZIONE: Verificare i problemi rilevati!

============================================================
FTM HEALTH CHECK - 28/01/2026, 10:54:23
============================================================

[LOGIN]...
Errore generale: page.goto: Timeout 30000ms exceeded.
Call log:
[2m  - navigating to "https://test-urc.hizuvala.myhostpoint.ch/login/index.php", waiting until "load"[22m


Report salvato: ./reports/report_2026-01-28T09-54-23.json

============================================================
RIEPILOGO
============================================================
OK:    0
WARN:  0
ERROR: 0

✅ Tutti i controlli OK!

============================================================
FTM HEALTH CHECK - 29/01/2026, 10:24:07
============================================================

[LOGIN]...
[LOGIN] OK

[Coach Dashboard V2]...
[Coach Dashboard V2] OK (3/3)

[Coach Dashboard]...
[Coach Dashboard] ERROR: page.goto: Page crashed
Call log:
[2m  - navigating to "https://test-urc.hizuvala.myhostpoint.ch/local/coachmanager/coach_dashboard.php", waiting until "domcontentloaded"[22m


[FTM Scheduler]...
[FTM Scheduler] ERROR: page.goto: Page crashed
Call log:
[2m  - navigating to "https://test-urc.hizuvala.myhostpoint.ch/local/ftm_scheduler/index.php", waiting until "domcontentloaded"[22m


[Setup Universale]...
[Setup Universale] ERROR: page.goto: Page crashed
Call log:
[2m  - navigating to "https://test-urc.hizuvala.myhostpoint.ch/local/competencyxmlimport/setup_universale.php", waiting until "domcontentloaded"[22m


Report salvato: ./reports/report_2026-01-29T09-24-07.json

============================================================
RIEPILOGO
============================================================
OK:    1
WARN:  0
ERROR: 3

⚠️  ATTENZIONE: Verificare i problemi rilevati!
